<?xml version="1.0" encoding="UTF-8"?>
<testng-results ignored="0" total="2" passed="2" failed="0" skipped="0">
  <reporter-output>
  </reporter-output>
  <suite started-at="2022-08-05T21:38:29 IST" name="Default suite" finished-at="2022-08-05T21:39:01 IST" duration-ms="31895">
    <groups>
    </groups>
    <test started-at="2022-08-05T21:38:29 IST" name="Default test" finished-at="2022-08-05T21:39:01 IST" duration-ms="31895">
      <class name="qa.crm.test.LoginEntryTest">
        <test-method is-config="true" signature="setup()[pri:0, instance:qa.crm.test.LoginEntryTest@25084a1e]" started-at="2022-08-05T21:38:29 IST" name="setup" finished-at="2022-08-05T21:38:36 IST" duration-ms="7530" status="PASS">
          <reporter-output>
          </reporter-output>
        </test-method> <!-- setup -->
        <test-method signature="InvalidDetails()[pri:0, instance:qa.crm.test.LoginEntryTest@25084a1e]" started-at="2022-08-05T21:38:36 IST" name="InvalidDetails" finished-at="2022-08-05T21:38:48 IST" duration-ms="11240" status="PASS">
          <reporter-output>
          </reporter-output>
        </test-method> <!-- InvalidDetails -->
        <test-method is-config="true" signature="teardown()[pri:0, instance:qa.crm.test.LoginEntryTest@25084a1e]" started-at="2022-08-05T21:38:48 IST" name="teardown" finished-at="2022-08-05T21:38:49 IST" duration-ms="1185" status="PASS">
          <reporter-output>
          </reporter-output>
        </test-method> <!-- teardown -->
        <test-method is-config="true" signature="setup()[pri:0, instance:qa.crm.test.LoginEntryTest@25084a1e]" started-at="2022-08-05T21:38:49 IST" name="setup" finished-at="2022-08-05T21:38:53 IST" duration-ms="4654" status="PASS">
          <reporter-output>
          </reporter-output>
        </test-method> <!-- setup -->
        <test-method signature="Validateloginbtn()[pri:0, instance:qa.crm.test.LoginEntryTest@25084a1e]" started-at="2022-08-05T21:38:53 IST" name="Validateloginbtn" finished-at="2022-08-05T21:39:00 IST" duration-ms="6956" status="PASS">
          <reporter-output>
          </reporter-output>
        </test-method> <!-- Validateloginbtn -->
        <test-method is-config="true" signature="teardown()[pri:0, instance:qa.crm.test.LoginEntryTest@25084a1e]" started-at="2022-08-05T21:39:00 IST" name="teardown" finished-at="2022-08-05T21:39:01 IST" duration-ms="276" status="PASS">
          <reporter-output>
          </reporter-output>
        </test-method> <!-- teardown -->
      </class> <!-- qa.crm.test.LoginEntryTest -->
    </test> <!-- Default test -->
  </suite> <!-- Default suite -->
</testng-results>
