<?xml version="1.0" encoding="UTF-8"?>
<testng-results ignored="0" total="1" passed="1" failed="0" skipped="0">
  <reporter-output>
  </reporter-output>
  <suite started-at="2022-06-19T14:19:45 IST" name="Default suite" finished-at="2022-06-19T14:19:45 IST" duration-ms="53">
    <groups>
    </groups>
    <test started-at="2022-06-19T14:19:45 IST" name="Default test" finished-at="2022-06-19T14:19:45 IST" duration-ms="53">
      <class name="selenium.StringReplaceStar">
        <test-method signature="stringstar()[pri:0, instance:selenium.StringReplaceStar@49c7b90e]" started-at="2022-06-19T14:19:45 IST" name="stringstar" finished-at="2022-06-19T14:19:45 IST" duration-ms="12" status="PASS">
          <reporter-output>
          </reporter-output>
        </test-method> <!-- stringstar -->
      </class> <!-- selenium.StringReplaceStar -->
    </test> <!-- Default test -->
  </suite> <!-- Default suite -->
</testng-results>
